<?xml version="1.0" encoding="UTF-8"?>
<!-- Generated by org.testng.reporters.JUnitXMLReporter -->
<testsuite ignored="0" hostname="DESKTOP-CM1GNI0" failures="0" tests="4" name="Default test" time="12.81" errors="0" timestamp="2024-03-26T17:16:24 IST">
  <testcase classname="api.test.UserTestsUsingPropertiesFile" name="testPostUser" time="5.981"/>
  <testcase classname="api.test.UserTestsUsingPropertiesFile" name="testGetUser" time="1.129"/>
  <testcase classname="api.test.UserTestsUsingPropertiesFile" name="testPutUser" time="2.197"/>
  <testcase classname="api.test.UserTestsUsingPropertiesFile" name="testDeleteUser" time="1.081"/>
</testsuite> <!-- Default test -->
