<?xml version="1.0" encoding="UTF-8"?>
<!-- Generated by org.testng.reporters.JUnitXMLReporter -->
<testsuite ignored="0" hostname="DESKTOP-CM1GNI0" failures="0" tests="14" name="Test" time="25.15" errors="0" timestamp="2024-03-26T15:42:19 IST">
  <testcase classname="api.test.UserTests" name="testPostUser" time="4.809"/>
  <testcase classname="api.test.UserTests" name="testGetUser" time="1.173"/>
  <testcase classname="api.test.UserTests" name="testPutUser" time="2.139"/>
  <testcase classname="api.test.UserTests" name="testDeleteUser" time="1.044"/>
  <testcase classname="api.test.DataDerivenTest" name="createNewUsers" time="1.054"/>
  <testcase classname="api.test.DataDerivenTest" name="createNewUsers" time="1.054"/>
  <testcase classname="api.test.DataDerivenTest" name="createNewUsers" time="1.081"/>
  <testcase classname="api.test.DataDerivenTest" name="createNewUsers" time="1.051"/>
  <testcase classname="api.test.DataDerivenTest" name="createNewUsers" time="1.083"/>
  <testcase classname="api.test.DataDerivenTest" name="DeleteUser" time="1.029"/>
  <testcase classname="api.test.DataDerivenTest" name="DeleteUser" time="1.062"/>
  <testcase classname="api.test.DataDerivenTest" name="DeleteUser" time="1.025"/>
  <testcase classname="api.test.DataDerivenTest" name="DeleteUser" time="1.058"/>
  <testcase classname="api.test.DataDerivenTest" name="DeleteUser" time="1.075"/>
</testsuite> <!-- Test -->
