<?xml version="1.0" encoding="UTF-8"?>
<testng-results ignored="0" total="4" passed="4" failed="0" skipped="0">
  <reporter-output>
  </reporter-output>
  <suite started-at="2024-03-26T17:16:11 IST" name="Default suite" finished-at="2024-03-26T17:16:24 IST" duration-ms="12810">
    <groups>
    </groups>
    <test started-at="2024-03-26T17:16:11 IST" name="Default test" finished-at="2024-03-26T17:16:24 IST" duration-ms="12810">
      <class name="api.test.UserTestsUsingPropertiesFile">
        <test-method is-config="true" signature="setUpData()[pri:0, instance:api.test.UserTestsUsingPropertiesFile@3a93b025]" started-at="2024-03-26T17:16:11 IST" name="setUpData" finished-at="2024-03-26T17:16:13 IST" duration-ms="2294" status="PASS">
          <reporter-output>
          </reporter-output>
        </test-method> <!-- setUpData -->
        <test-method signature="testPostUser()[pri:1, instance:api.test.UserTestsUsingPropertiesFile@3a93b025]" started-at="2024-03-26T17:16:13 IST" name="testPostUser" finished-at="2024-03-26T17:16:19 IST" duration-ms="5981" status="PASS">
          <reporter-output>
          </reporter-output>
        </test-method> <!-- testPostUser -->
        <test-method signature="testGetUser()[pri:2, instance:api.test.UserTestsUsingPropertiesFile@3a93b025]" started-at="2024-03-26T17:16:19 IST" name="testGetUser" finished-at="2024-03-26T17:16:20 IST" duration-ms="1129" status="PASS">
          <reporter-output>
          </reporter-output>
        </test-method> <!-- testGetUser -->
        <test-method signature="testPutUser()[pri:3, instance:api.test.UserTestsUsingPropertiesFile@3a93b025]" started-at="2024-03-26T17:16:20 IST" name="testPutUser" finished-at="2024-03-26T17:16:23 IST" duration-ms="2197" status="PASS">
          <reporter-output>
          </reporter-output>
        </test-method> <!-- testPutUser -->
        <test-method signature="testDeleteUser()[pri:4, instance:api.test.UserTestsUsingPropertiesFile@3a93b025]" started-at="2024-03-26T17:16:23 IST" name="testDeleteUser" finished-at="2024-03-26T17:16:24 IST" duration-ms="1081" status="PASS">
          <reporter-output>
          </reporter-output>
        </test-method> <!-- testDeleteUser -->
      </class> <!-- api.test.UserTestsUsingPropertiesFile -->
    </test> <!-- Default test -->
  </suite> <!-- Default suite -->
</testng-results>
